Log file open, 05/02/17 16:27:50
LogInit:Display: Running engine for game: HCItake2
LogPlatformFile: Not using cached read wrapper
LogInit:Display: RandInit(1351100858) SRandInit(1351100858).
LogTaskGraph: Started task graph with 5 named threads and 8 total threads with 1 sets of task threads.
LogStats: Stats thread started at 0.067810
LogPluginManager: Loaded Plugin Paper2D, From E:/UE_4.14/Engine/Plugins/2D/Paper2D/Paper2D.uplugin
LogPluginManager: Loaded Plugin LightPropagationVolume, From E:/UE_4.14/Engine/Plugins/Blendables/LightPropagationVolume/LightPropagationVolume.uplugin
LogPluginManager: Loaded Plugin BlankPlugin, From E:/UE_4.14/Engine/Plugins/Developer/BlankPlugin/BlankPlugin.uplugin
LogPluginManager: Loaded Plugin CodeLiteSourceCodeAccess, From E:/UE_4.14/Engine/Plugins/Developer/CodeLiteSourceCodeAccess/CodeLiteSourceCodeAccess.uplugin
LogPluginManager: Loaded Plugin GitSourceControl, From E:/UE_4.14/Engine/Plugins/Developer/GitSourceControl/GitSourceControl.uplugin
LogPluginManager: Loaded Plugin KDevelopSourceCodeAccess, From E:/UE_4.14/Engine/Plugins/Developer/KDevelopSourceCodeAccess/KDevelopSourceCodeAccess.uplugin
LogPluginManager: Loaded Plugin NullSourceCodeAccess, From E:/UE_4.14/Engine/Plugins/Developer/NullSourceCodeAccess/NullSourceCodeAccess.uplugin
LogPluginManager: Loaded Plugin OneSkyLocalizationService, From E:/UE_4.14/Engine/Plugins/Developer/OneSkyLocalizationService/OneSkyLocalizationService.uplugin
LogPluginManager: Loaded Plugin PerforceSourceControl, From E:/UE_4.14/Engine/Plugins/Developer/PerforceSourceControl/PerforceSourceControl.uplugin
LogPluginManager: Loaded Plugin SubversionSourceControl, From E:/UE_4.14/Engine/Plugins/Developer/SubversionSourceControl/SubversionSourceControl.uplugin
LogPluginManager: Loaded Plugin UObjectPlugin, From E:/UE_4.14/Engine/Plugins/Developer/UObjectPlugin/UObjectPlugin.uplugin
LogPluginManager: Loaded Plugin VisualStudioSourceCodeAccess, From E:/UE_4.14/Engine/Plugins/Developer/VisualStudioSourceCodeAccess/VisualStudioSourceCodeAccess.uplugin
LogPluginManager: Loaded Plugin XCodeSourceCodeAccess, From E:/UE_4.14/Engine/Plugins/Developer/XCodeSourceCodeAccess/XCodeSourceCodeAccess.uplugin
LogPluginManager: Loaded Plugin AudioCapture, From E:/UE_4.14/Engine/Plugins/Editor/AudioCapture/AudioCapture.uplugin
LogPluginManager: Loaded Plugin EpicSurvey, From E:/UE_4.14/Engine/Plugins/Editor/EpicSurvey/EpicSurvey.uplugin
LogPluginManager: Loaded Plugin MacGraphicsSwitching, From E:/UE_4.14/Engine/Plugins/Editor/MacGraphicsSwitching/MacGraphicsSwitching.uplugin
LogPluginManager: Loaded Plugin MobileLauncherProfileWizard, From E:/UE_4.14/Engine/Plugins/Editor/MobileLauncherProfileWizard/MobileLauncherProfileWizard.uplugin
LogPluginManager: Loaded Plugin PluginBrowser, From E:/UE_4.14/Engine/Plugins/Editor/PluginBrowser/PluginBrowser.uplugin
LogPluginManager: Loaded Plugin SpeedTreeImporter, From E:/UE_4.14/Engine/Plugins/Editor/SpeedTreeImporter/SpeedTreeImporter.uplugin
LogPluginManager: Loaded Plugin SuperSearchEditor, From E:/UE_4.14/Engine/Plugins/Editor/SuperSearchEditor/SuperSearchEditor.uplugin
LogPluginManager: Loaded Plugin AlembicImporter, From E:/UE_4.14/Engine/Plugins/Experimental/AlembicImporter/AlembicImporter.uplugin
LogPluginManager: Loaded Plugin BlueprintStats, From E:/UE_4.14/Engine/Plugins/Experimental/BlueprintStats/BlueprintStats.uplugin
LogPluginManager: Loaded Plugin CharacterAI, From E:/UE_4.14/Engine/Plugins/Experimental/CharacterAI/CharacterAI.uplugin
LogPluginManager: Loaded Plugin CodeEditor, From E:/UE_4.14/Engine/Plugins/Experimental/CodeEditor/CodeEditor.uplugin
LogPluginManager: Loaded Plugin CodeView, From E:/UE_4.14/Engine/Plugins/Experimental/CodeView/CodeView.uplugin
LogPluginManager: Loaded Plugin HTML5Networking, From E:/UE_4.14/Engine/Plugins/Experimental/HTML5Networking/HTML5Networking.uplugin
LogPluginManager: Loaded Plugin OSVR, From E:/UE_4.14/Engine/Plugins/Experimental/OSVR/OSVR.uplugin
LogPluginManager: Loaded Plugin Phya, From E:/UE_4.14/Engine/Plugins/Experimental/Phya/Phya.uplugin
LogPluginManager: Loaded Plugin SignificanceManager, From E:/UE_4.14/Engine/Plugins/Experimental/SignificanceManager/SignificanceManager.uplugin
LogPluginManager: Loaded Plugin SimpleHMD, From E:/UE_4.14/Engine/Plugins/Experimental/SimpleHMD/SimpleHMD.uplugin
LogPluginManager: Loaded Plugin StereoPanorama, From E:/UE_4.14/Engine/Plugins/Experimental/StereoPanorama/StereoPanorama.uplugin
LogPluginManager: Loaded Plugin StructBox, From E:/UE_4.14/Engine/Plugins/Experimental/StructBox/StructBox.uplugin
LogPluginManager: Loaded Plugin AndroidMedia, From E:/UE_4.14/Engine/Plugins/Media/AndroidMedia/AndroidMedia.uplugin
LogPluginManager: Loaded Plugin AvfMedia, From E:/UE_4.14/Engine/Plugins/Media/AvfMedia/AvfMedia.uplugin
LogPluginManager: Loaded Plugin MediaPlayerEditor, From E:/UE_4.14/Engine/Plugins/Media/MediaPlayerEditor/MediaPlayerEditor.uplugin
LogPluginManager: Loaded Plugin WmfMedia, From E:/UE_4.14/Engine/Plugins/Media/WmfMedia/WmfMedia.uplugin
LogPluginManager: Loaded Plugin MessagingDebugger, From E:/UE_4.14/Engine/Plugins/Messaging/MessagingDebugger/MessagingDebugger.uplugin
LogPluginManager: Loaded Plugin TcpMessaging, From E:/UE_4.14/Engine/Plugins/Messaging/TcpMessaging/TcpMessaging.uplugin
LogPluginManager: Loaded Plugin UdpMessaging, From E:/UE_4.14/Engine/Plugins/Messaging/UdpMessaging/UdpMessaging.uplugin
LogPluginManager: Loaded Plugin LevelSequenceEditor, From E:/UE_4.14/Engine/Plugins/MovieScene/LevelSequenceEditor/LevelSequenceEditor.uplugin
LogPluginManager: Loaded Plugin MatineeToLevelSequence, From E:/UE_4.14/Engine/Plugins/MovieScene/MatineeToLevelSequence/MatineeToLevelSequence.uplugin
LogPluginManager: Loaded Plugin NetcodeUnitTest, From E:/UE_4.14/Engine/Plugins/NetcodeUnitTest/NetcodeUnitTest/NetcodeUnitTest.uplugin
LogPluginManager: Loaded Plugin NUTUnrealEngine4, From E:/UE_4.14/Engine/Plugins/NetcodeUnitTest/NUTUnrealEngine4/NUTUnrealEngine4.uplugin
LogPluginManager: Loaded Plugin OnlineSubsystemGameCircle, From E:/UE_4.14/Engine/Plugins/Online/Android/OnlineSubsystemGameCircle/OnlineSubsystemGameCircle.uplugin
LogPluginManager: Loaded Plugin OnlineSubsystemGooglePlay, From E:/UE_4.14/Engine/Plugins/Online/Android/OnlineSubsystemGooglePlay/OnlineSubsystemGooglePlay.uplugin
LogPluginManager: Loaded Plugin OnlineSubsystemIOS, From E:/UE_4.14/Engine/Plugins/Online/IOS/OnlineSubsystemIOS/OnlineSubsystemIOS.uplugin
LogPluginManager: Loaded Plugin OnlineFramework, From E:/UE_4.14/Engine/Plugins/Online/OnlineFramework/OnlineFramework.uplugin
LogPluginManager: Loaded Plugin OnlineSubsystem, From E:/UE_4.14/Engine/Plugins/Online/OnlineSubsystem/OnlineSubsystem.uplugin
LogPluginManager: Loaded Plugin OnlineSubsystemAmazon, From E:/UE_4.14/Engine/Plugins/Online/OnlineSubsystemAmazon/OnlineSubsystemAmazon.uplugin
LogPluginManager: Loaded Plugin OnlineSubsystemFacebook, From E:/UE_4.14/Engine/Plugins/Online/OnlineSubsystemFacebook/OnlineSubsystemFacebook.uplugin
LogPluginManager: Loaded Plugin OnlineSubsystemNull, From E:/UE_4.14/Engine/Plugins/Online/OnlineSubsystemNull/OnlineSubsystemNull.uplugin
LogPluginManager: Loaded Plugin OnlineSubsystemOculus, From E:/UE_4.14/Engine/Plugins/Online/OnlineSubsystemOculus/OnlineSubsystemOculus.uplugin
LogPluginManager: Loaded Plugin OnlineSubsystemSteam, From E:/UE_4.14/Engine/Plugins/Online/OnlineSubsystemSteam/OnlineSubsystemSteam.uplugin
LogPluginManager: Loaded Plugin OnlineSubsystemUtils, From E:/UE_4.14/Engine/Plugins/Online/OnlineSubsystemUtils/OnlineSubsystemUtils.uplugin
LogPluginManager: Loaded Plugin IOSTapJoy, From E:/UE_4.14/Engine/Plugins/Runtime/Advertising/IOSTapJoy/IOSTapJoy.uplugin
LogPluginManager: Loaded Plugin AnalyticsBlueprintLibrary, From E:/UE_4.14/Engine/Plugins/Runtime/Analytics/AnalyticsBlueprintLibrary/AnalyticsBlueprintLibrary.uplugin
LogPluginManager: Loaded Plugin AnalyticsMulticast, From E:/UE_4.14/Engine/Plugins/Runtime/Analytics/AnalyticsMulticast/AnalyticsMulticast.uplugin
LogPluginManager: Loaded Plugin Apsalar, From E:/UE_4.14/Engine/Plugins/Runtime/Analytics/Apsalar/Apsalar.uplugin
LogPluginManager: Loaded Plugin FileLogging, From E:/UE_4.14/Engine/Plugins/Runtime/Analytics/FileLogging/FileLogging.uplugin
LogPluginManager: Loaded Plugin Flurry, From E:/UE_4.14/Engine/Plugins/Runtime/Analytics/Flurry/Flurry.uplugin
LogPluginManager: Loaded Plugin AndroidDeviceProfileSelector, From E:/UE_4.14/Engine/Plugins/Runtime/AndroidDeviceProfileSelector/AndroidDeviceProfileSelector.uplugin
LogPluginManager: Loaded Plugin AndroidMoviePlayer, From E:/UE_4.14/Engine/Plugins/Runtime/AndroidMoviePlayer/AndroidMoviePlayer.uplugin
LogPluginManager: Loaded Plugin AppleMoviePlayer, From E:/UE_4.14/Engine/Plugins/Runtime/AppleMoviePlayer/AppleMoviePlayer.uplugin
LogPluginManager: Loaded Plugin ArchVisCharacter, From E:/UE_4.14/Engine/Plugins/Runtime/ArchVisCharacter/ArchVisCharacter.uplugin
LogPluginManager: Loaded Plugin CableComponent, From E:/UE_4.14/Engine/Plugins/Runtime/CableComponent/CableComponent.uplugin
LogPluginManager: Loaded Plugin CustomMeshComponent, From E:/UE_4.14/Engine/Plugins/Runtime/CustomMeshComponent/CustomMeshComponent.uplugin
LogPluginManager: Loaded Plugin ExampleDeviceProfileSelector, From E:/UE_4.14/Engine/Plugins/Runtime/ExampleDeviceProfileSelector/ExampleDeviceProfileSelector.uplugin
LogPluginManager: Loaded Plugin GearVR, From E:/UE_4.14/Engine/Plugins/Runtime/GearVR/GearVR.uplugin
LogPluginManager: Loaded Plugin GoogleVRController, From E:/UE_4.14/Engine/Plugins/Runtime/GoogleVR/GoogleVRController/GoogleVRController.uplugin
LogPluginManager: Loaded Plugin GoogleVRHMD, From E:/UE_4.14/Engine/Plugins/Runtime/GoogleVR/GoogleVRHMD/GoogleVRHMD.uplugin
LogPluginManager: Loaded Plugin IOSDeviceProfileSelector, From E:/UE_4.14/Engine/Plugins/Runtime/IOSDeviceProfileSelector/IOSDeviceProfileSelector.uplugin
LogPluginManager: Loaded Plugin LeapMotion, From E:/UE_4.14/Engine/Plugins/Runtime/LeapMotion/LeapMotion.uplugin
LogPluginManager: Loaded Plugin LinuxDeviceProfileSelector, From E:/UE_4.14/Engine/Plugins/Runtime/LinuxDeviceProfileSelector/LinuxDeviceProfileSelector.uplugin
LogPluginManager: Loaded Plugin MIDIDevice, From E:/UE_4.14/Engine/Plugins/Runtime/MIDIDevice/MIDIDevice.uplugin
LogPluginManager: Loaded Plugin MobilePatchingUtils, From E:/UE_4.14/Engine/Plugins/Runtime/MobilePatchingUtils/MobilePatchingUtils.uplugin
LogPluginManager: Loaded Plugin Ansel, From E:/UE_4.14/Engine/Plugins/Runtime/Nvidia/Ansel/Ansel.uplugin
LogPluginManager: Loaded Plugin OculusAudio, From E:/UE_4.14/Engine/Plugins/Runtime/OculusAudio/OculusAudio.uplugin
LogPluginManager: Loaded Plugin OculusInput, From E:/UE_4.14/Engine/Plugins/Runtime/OculusInput/OculusInput.uplugin
LogPluginManager: Loaded Plugin OculusLibrary, From E:/UE_4.14/Engine/Plugins/Runtime/OculusLibrary/OculusLibrary.uplugin
LogPluginManager: Loaded Plugin OculusRift, From E:/UE_4.14/Engine/Plugins/Runtime/OculusRift/OculusRift.uplugin
LogPluginManager: Loaded Plugin Oodle, From E:/UE_4.14/Engine/Plugins/Runtime/PacketHandlers/CompressionComponents/Oodle/Oodle.uplugin
LogPluginManager: Loaded Plugin ProceduralMeshComponent, From E:/UE_4.14/Engine/Plugins/Runtime/ProceduralMeshComponent/ProceduralMeshComponent.uplugin
LogPluginManager: Loaded Plugin SoundMod, From E:/UE_4.14/Engine/Plugins/Runtime/SoundMod/SoundMod.uplugin
LogPluginManager: Loaded Plugin SoundVisualizations, From E:/UE_4.14/Engine/Plugins/Runtime/SoundVisualizations/SoundVisualizations.uplugin
LogPluginManager: Loaded Plugin SteamController, From E:/UE_4.14/Engine/Plugins/Runtime/Steam/SteamController/SteamController.uplugin
LogPluginManager: Loaded Plugin SteamVR, From E:/UE_4.14/Engine/Plugins/Runtime/Steam/SteamVR/SteamVR.uplugin
LogPluginManager: Loaded Plugin WebBrowserWidget, From E:/UE_4.14/Engine/Plugins/Runtime/WebBrowserWidget/WebBrowserWidget.uplugin
LogPluginManager: Loaded Plugin WindowsDeviceProfileSelector, From E:/UE_4.14/Engine/Plugins/Runtime/WindowsDeviceProfileSelector/WindowsDeviceProfileSelector.uplugin
LogPluginManager: Loaded Plugin WindowsMoviePlayer, From E:/UE_4.14/Engine/Plugins/Runtime/WindowsMoviePlayer/WindowsMoviePlayer.uplugin
LogPluginManager: Loaded Plugin ScriptPlugin, From E:/UE_4.14/Engine/Plugins/ScriptPlugin/ScriptPlugin.uplugin
LogPluginManager: Loaded Plugin SlateRemote, From E:/UE_4.14/Engine/Plugins/Slate/SlateRemote/SlateRemote.uplugin
LogPluginManager: Loaded Plugin EditorTests, From E:/UE_4.14/Engine/Plugins/Tests/EditorTests/EditorTests.uplugin
LogPluginManager: Loaded Plugin FbxAutomationTestBuilder, From E:/UE_4.14/Engine/Plugins/Tests/FbxAutomationTestBuilder/FbxAutomationTestBuilder.uplugin
LogPluginManager: Loaded Plugin FunctionalTestingEditor, From E:/UE_4.14/Engine/Plugins/Tests/FunctionalTestingEditor/FunctionalTestingEditor.uplugin
LogPluginManager: Loaded Plugin RuntimeTests, From E:/UE_4.14/Engine/Plugins/Tests/RuntimeTests/RuntimeTests.uplugin
LogPluginManager: Loaded Plugin ScreenshotTools, From E:/UE_4.14/Engine/Plugins/Tests/ScreenshotTools/ScreenshotTools.uplugin
LogInit: Using libcurl 7.47.1
LogInit:  - built for x86_64-pc-win32
LogInit:  - supports SSL with OpenSSL/1.0.2g
LogInit:  - supports HTTP deflate (compression) using libz 1.2.8
LogInit:  - other features:
LogInit:      CURL_VERSION_SSL
LogInit:      CURL_VERSION_LIBZ
LogInit:      CURL_VERSION_IPV6
LogInit:      CURL_VERSION_ASYNCHDNS
LogInit:      CURL_VERSION_LARGEFILE
LogInit:      CURL_VERSION_IDN
LogInit:  CurlRequestOptions (configurable via config and command line):
LogInit:  - bVerifyPeer = false  - Libcurl will NOT verify peer certificate
LogInit:  - bUseHttpProxy = false  - Libcurl will NOT use HTTP proxy
LogInit:  - bDontReuseConnections = false  - Libcurl will reuse connections
LogInit:  - CertBundlePath = nullptr  - Libcurl will use whatever was configured at build time.
LogInit: Build: ++UE4+Release-4.14-CL-3249277
LogInit: Engine Version: 4.14.3-3249277+++UE4+Release-4.14
LogInit: Compatible Engine Version: 4.14.0-3195953+++UE4+Release-4.14
LogInit: Net CL: 3195953
LogDevObjectVersion: Number of dev versions registered: 13
LogDevObjectVersion:   Dev-Blueprints (B0D832E4-1F89-4F0D-ACCF-7EB736FD4AA2): 7
LogDevObjectVersion:   Dev-Build (E1C64328-A22C-4D53-A36C-8E866417BD8C): 0
LogDevObjectVersion:   Dev-Core (375EC13C-06E4-48FB-B500-84F0262A717E): 1
LogDevObjectVersion:   Dev-Editor (E4B068ED-F494-42E9-A231-DA0B2E46BB41): 8
LogDevObjectVersion:   Dev-Framework (CFFC743F-43B0-4480-9391-14DF171D2073): 17
LogDevObjectVersion:   Dev-Mobile (B02B49B5-BB20-44E9-A304-32B752E40360): 0
LogDevObjectVersion:   Dev-Networking (A4E4105C-59A1-49B5-A7C5-40C4547EDFEE): 0
LogDevObjectVersion:   Dev-Online (39C831C9-5AE6-47DC-9A44-9C173E1C8E7C): 0
LogDevObjectVersion:   Dev-Physics (78F01B33-EBEA-4F98-B9B4-84EACCB95AA2): 0
LogDevObjectVersion:   Dev-Platform (6631380F-2D4D-43E0-8009-CF276956A95A): 0
LogDevObjectVersion:   Dev-Rendering (12F88B9F-8875-4AFC-A67C-D90C383ABD29): 12
LogDevObjectVersion:   Dev-Sequencer (7B5AE74C-D270-4C10-A958-57980B212A5A): 1
LogDevObjectVersion:   Dev-VR (D7296918-1DD6-4BDD-9DE2-64A83CC13884): 0
LogInit: Compiled (64-bit): Jan  6 2017 10:49:43
LogInit: Compiled with Visual C++: 19.00.23026.00
LogInit: Build Configuration: Development
LogInit: Branch Name: ++UE4+Release-4.14
LogInit: Command line:  
LogInit: Base directory: E:/UE_4.14/Engine/Binaries/Win64/
LogInit: Installed Engine Build: 1
LogInit: Presizing for max 8388607 objects, including 0 objects not considered by GC, pre-allocating 0 bytes for permanent pool.
LogInit: Object subsystem initialized
[2017.05.02-20.27.50:607][  0]LogConsoleManager:Display: Setting the console variable 'r.RHICmdBypass' with 'SetByProjectSetting' was ignored as it is lower priority than the previous 'SetBySystemSettingsIni'
[2017.05.02-20.27.50:612][  0]LogInit: Selected Device Profile: [Windows]
[2017.05.02-20.27.50:612][  0]LogInit: Applying CVar settings loaded from the selected device profile: [Windows]
[2017.05.02-20.27.50:632][  0]LogInit: Computer: DESKTOP-PA0ARGC
[2017.05.02-20.27.50:632][  0]LogInit: User: innovationlab
[2017.05.02-20.27.50:632][  0]LogInit: CPU Page size=65536, Cores=4
[2017.05.02-20.27.50:632][  0]LogInit: High frequency timer resolution =3.515641 MHz
[2017.05.02-20.27.50:632][  0]LogMemory: Memory total: Physical=31.9GB (32GB approx)
[2017.05.02-20.27.50:632][  0]LogMemory: Platform Memory Stats for Windows
[2017.05.02-20.27.50:632][  0]LogMemory: Process Physical Memory: 264.82 MB used, 264.82 MB peak
[2017.05.02-20.27.50:632][  0]LogMemory: Process Virtual Memory: 262.77 MB used, 262.77 MB peak
[2017.05.02-20.27.50:632][  0]LogMemory: Physical Memory: 4296.66 MB used,  28419.95 MB free, 32716.61 MB total
[2017.05.02-20.27.50:632][  0]LogMemory: Virtual Memory: 676.64 MB used,  28419.95 MB free, 134217728.00 MB total
[2017.05.02-20.27.50:654][  0]LogTextLocalizationManager: No specific translations for ('en-US') exist, so ('en') translations will be used.
[2017.05.02-20.27.51:172][  0]LogD3D11RHI: D3D11 adapters:
[2017.05.02-20.27.51:191][  0]LogD3D11RHI:    0. 'NVIDIA GeForce GTX 970' (Feature Level 11_0)
[2017.05.02-20.27.51:191][  0]LogD3D11RHI:       4058/0/16358 MB DedicatedVideo/DedicatedSystem/SharedSystem, Outputs:2, VendorId:0x10de
[2017.05.02-20.27.51:192][  0]LogD3D11RHI:    1. 'Microsoft Basic Render Driver' (Feature Level 11_0)
[2017.05.02-20.27.51:192][  0]LogD3D11RHI:       0/0/16358 MB DedicatedVideo/DedicatedSystem/SharedSystem, Outputs:0, VendorId:0x1414
[2017.05.02-20.27.51:192][  0]LogD3D11RHI: Chosen D3D11 Adapter: 0
[2017.05.02-20.27.51:195][  0]LogD3D11RHI: Creating new Direct3DDevice
[2017.05.02-20.27.51:195][  0]LogD3D11RHI:     GPU DeviceId: 0x13c2 (for the marketing name, search the web for "GPU Device Id")
[2017.05.02-20.27.51:195][  0]LogWindows: EnumDisplayDevices:
[2017.05.02-20.27.51:195][  0]LogWindows:    0. 'NVIDIA GeForce GTX 970' (P:1 D:1)
[2017.05.02-20.27.51:195][  0]LogWindows:    1. 'NVIDIA GeForce GTX 970' (P:0 D:1)
[2017.05.02-20.27.51:195][  0]LogWindows:    2. 'NVIDIA GeForce GTX 970' (P:0 D:0)
[2017.05.02-20.27.51:195][  0]LogWindows:    3. 'NVIDIA GeForce GTX 970' (P:0 D:0)
[2017.05.02-20.27.51:195][  0]LogWindows: DebugString: FoundDriverCount:4 
[2017.05.02-20.27.51:195][  0]LogD3D11RHI:     Adapter Name: NVIDIA GeForce GTX 970
[2017.05.02-20.27.51:195][  0]LogD3D11RHI:   Driver Version: 376.53 (internal:21.21.13.7653, unified:376.53)
[2017.05.02-20.27.51:195][  0]LogD3D11RHI:      Driver Date: 12-29-2016
[2017.05.02-20.27.51:195][  0]LogRHI: Texture pool is 1361 MB (70% of 1945 MB)
[2017.05.02-20.27.51:207][  0]LogD3D11RHI: Async texture creation enabled
[2017.05.02-20.27.51:223][  0]LogD3D11RHI: GPU Timing Frequency: 1000.000000 (Debug: 2 2)
[2017.05.02-20.27.51:223][  0]LogShaderCompilers: Guid format shader working directory is 13 characters bigger than the processId version (../../../../Kristina Keenan Stuff/HCItake2/Intermediate/Shaders/WorkingDirectory/976/).
[2017.05.02-20.27.51:223][  0]LogShaderCompilers: Cleaned the shader compiler working directory 'C:/Users/innovationlab/AppData/Local/Temp/UnrealShaderWorkingDir/59D980DB4F8F7D5932D9B9B6739235AF/'.
[2017.05.02-20.27.51:223][  0]LogShaderCompilers:Display: Using Local Shader Compiler.
[2017.05.02-20.27.52:085][  0]LogTemp:Display: Loaded TP AllDesktopTargetPlatform
[2017.05.02-20.27.52:121][  0]LogTemp:Display: Loaded TP MacClientTargetPlatform
[2017.05.02-20.27.52:157][  0]LogTemp:Display: Loaded TP MacNoEditorTargetPlatform
[2017.05.02-20.27.52:195][  0]LogTemp:Display: Loaded TP MacServerTargetPlatform
[2017.05.02-20.27.52:231][  0]LogTemp:Display: Loaded TP MacTargetPlatform
[2017.05.02-20.27.52:268][  0]LogTemp:Display: Loaded TP WindowsClientTargetPlatform
[2017.05.02-20.27.52:303][  0]LogTemp:Display: Loaded TP WindowsNoEditorTargetPlatform
[2017.05.02-20.27.52:341][  0]LogTemp:Display: Loaded TP WindowsServerTargetPlatform
[2017.05.02-20.27.52:367][  0]LogTemp:Display: Loaded TP WindowsTargetPlatform
[2017.05.02-20.27.52:402][  0]LogTemp:Display: Loaded TP AndroidTargetPlatform
[2017.05.02-20.27.52:437][  0]LogTemp:Display: Loaded TP Android_ASTCTargetPlatform
[2017.05.02-20.27.52:472][  0]LogTemp:Display: Loaded TP Android_ATCTargetPlatform
[2017.05.02-20.27.52:507][  0]LogTemp:Display: Loaded TP Android_DXTTargetPlatform
[2017.05.02-20.27.52:543][  0]LogTemp:Display: Loaded TP Android_ETC1TargetPlatform
[2017.05.02-20.27.52:580][  0]LogTemp:Display: Loaded TP Android_ETC2TargetPlatform
[2017.05.02-20.27.52:652][  0]LogTemp:Display: Loaded TP Android_MultiTargetPlatform
[2017.05.02-20.27.52:652][  0]LogTemp:Display: Loaded TP Android_PVRTCTargetPlatform
[2017.05.02-20.27.52:674][  0]LogTemp:Display: Loaded TP HTML5TargetPlatform
[2017.05.02-20.27.52:733][  0]LogTemp:Display: Loaded TP IOSTargetPlatform
[2017.05.02-20.27.52:756][  0]LogTemp:Display: Loaded TP TVOSTargetPlatform
[2017.05.02-20.27.52:791][  0]LogTemp:Display: Loaded TP LinuxClientTargetPlatform
[2017.05.02-20.27.52:828][  0]LogTemp:Display: Loaded TP LinuxNoEditorTargetPlatform
[2017.05.02-20.27.52:866][  0]LogTemp:Display: Loaded TP LinuxServerTargetPlatform
[2017.05.02-20.27.52:902][  0]LogTemp:Display: Loaded TP LinuxTargetPlatform
[2017.05.02-20.27.52:902][  0]LogTargetPlatformManager:Display: Building Assets For Windows
[2017.05.02-20.27.53:124][  0]LogDerivedDataCache:Display: Max Cache Size: 512 MB
[2017.05.02-20.27.53:172][  0]LogDerivedDataCache: Loaded boot cache 0.05s 51MB C:/Users/innovationlab/AppData/Local/UnrealEngine/4.14/DerivedDataCache/Boot.ddc.
[2017.05.02-20.27.53:172][  0]LogDerivedDataCache:Display: Loaded Boot cache: C:/Users/innovationlab/AppData/Local/UnrealEngine/4.14/DerivedDataCache/Boot.ddc
[2017.05.02-20.27.53:172][  0]LogDerivedDataCache: FDerivedDataBackendGraph:  Pak pak cache file ../../../../Kristina Keenan Stuff/HCItake2/DerivedDataCache/DDC.ddp not found, will not use a pak cache.
[2017.05.02-20.27.53:172][  0]LogDerivedDataCache: Unable to find inner node Pak for hierarchical cache Hierarchy.
[2017.05.02-20.27.53:172][  0]LogDerivedDataCache: FDerivedDataBackendGraph:  CompressedPak pak cache file ../../../../Kristina Keenan Stuff/HCItake2/DerivedDataCache/Compressed.ddp not found, will not use a pak cache.
[2017.05.02-20.27.53:172][  0]LogDerivedDataCache: Unable to find inner node CompressedPak for hierarchical cache Hierarchy.
[2017.05.02-20.27.53:187][  0]LogDerivedDataCache:Display: Pak cache opened for reading ../../../Engine/DerivedDataCache/Compressed.ddp.
[2017.05.02-20.27.53:199][  0]LogDerivedDataCache: Using Local data cache path C:/Users/innovationlab/AppData/Local/UnrealEngine/Common/DerivedDataCache: Writable
[2017.05.02-20.27.53:364][  0]LogInit: Selected Device Profile: [Windows]
[2017.05.02-20.27.53:367][  0]LogContentStreaming: Texture pool size is 0.00 MB
[2017.05.02-20.27.53:512][  0]LogMeshUtilities: Using QuadricMeshReduction for automatic static mesh reduction
[2017.05.02-20.27.53:535][  0]LogSimplygon: Simplygon DLL not present - disabling.
[2017.05.02-20.27.53:560][  0]LogMeshUtilities: Using SimplygonSwarm for distributed automatic mesh merging
[2017.05.02-20.27.53:560][  0]LogMeshUtilities: No automatic skeletal mesh reduction module available
[2017.05.02-20.27.53:560][  0]LogMeshUtilities: No automatic mesh merging module available
[2017.05.02-20.27.53:951][  0]LogNetVersion: GetLocalNetworkVersion: CL: 3195953, ProjectName: hcitake2, ProjectVersion: , EngineNetworkVersion: 2, GameNetworkVersion: 0, NetworkChecksum: 696027380
[2017.05.02-20.27.53:994][  0]LogAssetRegistry: FAssetRegistry took 0.0212 seconds to start up
[2017.05.02-20.27.54:024][  0]LogPackageLocalizationCache: Processed 3 localized package path(s) for 2 prioritized culture(s) in 0.019520 seconds
[2017.05.02-20.27.54:030][  0]LogUObjectArray: 31947 objects as part of root set at end of initial load.
[2017.05.02-20.27.54:030][  0]LogUObjectAllocator: 6936064 out of 0 bytes used by permanent object pool.
[2017.05.02-20.27.54:030][  0]LogUObjectArray: CloseDisregardForGC: 0/0 objects in disregard for GC pool
[2017.05.02-20.27.54:067][  0]LogInit: WinSock: version 1.1 (2.2), MaxSocks=32767, MaxUdp=65467
[2017.05.02-20.27.54:484][  0]LogSlate: Using Freetype 2.6.0
[2017.05.02-20.27.54:484][  0]LogSlate: SlateFontCache - WITH_FREETYPE: 1, WITH_HARFBUZZ: 1
[2017.05.02-20.27.54:484][  0]LogSlate: SlateFontCache - WITH_FREETYPE: 1, WITH_HARFBUZZ: 1
[2017.05.02-20.27.55:078][  0]LogTcpMessaging: Initializing TcpMessaging bridge
[2017.05.02-20.27.55:104][  0]LogUdpMessaging: Initializing bridge on interface 0.0.0.0:0 to multicast group 230.0.0.1:6666.
[2017.05.02-20.27.55:309][  0]LogMaterial: Uniform references updated for custom material expression Custom.
[2017.05.02-20.27.55:548][  0]SourceControl: Info Source control is disabled
[2017.05.02-20.27.55:571][  0]SourceControl: Info Source control is disabled
[2017.05.02-20.27.55:597][  0]SourceControl: Info Source control is disabled
[2017.05.02-20.27.55:622][  0]SourceControl: Info Source control is disabled
[2017.05.02-20.27.56:337][  0]LogEngine: Initializing Engine...
[2017.05.02-20.27.56:356][  0]LogHMD: SteamVR initialized.  Driver: lighthouse  Display: LHR-AD060755
[2017.05.02-20.27.56:533][  0]LogAIModule: Creating AISystem for world Untitled
[2017.05.02-20.27.56:548][  0]LogInit: XAudio2 using 'HTC-VIVE-C (NVIDIA High Definition Audio)' : 2 channels at 48 kHz using 16 bits per sample (channel mask 0x3)
[2017.05.02-20.27.56:555][  0]LogInit: FAudioDevice initialized.
[2017.05.02-20.27.56:580][  0]LogDerivedDataCache: Saved boot cache 0.02s 51MB C:/Users/innovationlab/AppData/Local/UnrealEngine/4.14/DerivedDataCache/Boot.ddc.
[2017.05.02-20.27.56:587][  0]LogInit: Texture streaming: Enabled
[2017.05.02-20.27.56:693][  0]LogInit: Transaction tracking system initialized
[2017.05.02-20.27.56:884][  0]BlueprintLog: New page: Editor Load
[2017.05.02-20.27.57:365][  0]LocalizationService: Info Localization service is disabled
[2017.05.02-20.27.57:729][  0]LogConsoleResponse:Display: 
[2017.05.02-20.27.57:845][  0]LogCook:Display: Max memory allowance for cook 16384mb min free memory 0mb
[2017.05.02-20.27.57:845][  0]LogCook:Display: Mobile HDR setting 1
[2017.05.02-20.27.57:919][  0]LogFileCache: Scanning file cache for directory 'E:/Kristina Keenan Stuff/HCItake2/Content/' took 0.02s
[2017.05.02-20.27.58:378][  0]SourceControl: Info Source control is disabled
[2017.05.02-20.27.58:378][  0]Cmd: MAP LOAD FILE="../../../../Kristina Keenan Stuff/HCItake2/Content/VirtualRealityBP/Maps/StartupMap.umap" TEMPLATE=0 SHOWPROGRESS=1 FEATURELEVEL=3
[2017.05.02-20.27.58:411][  0]LightingResults: New page: Lighting Build
[2017.05.02-20.27.58:435][  0]MapCheck: New page: Map Check
[2017.05.02-20.27.58:435][  0]LightingResults: New page: Lighting Build
[2017.05.02-20.27.58:688][  0]LogAIModule: Creating AISystem for world StartupMap
[2017.05.02-20.27.58:694][  0]LogEditorServer: Finished looking for orphan Actors (0.000 secs)
[2017.05.02-20.27.58:695][  0]Cmd: MAP CHECKDEP NOCLEARLOG
[2017.05.02-20.27.58:721][  0]MapCheck: Info Map check complete: 0 Error(s), 0 Warning(s), took 26.726ms to complete.
[2017.05.02-20.27.58:721][  0]LogFileHelpers: Loading map 'StartupMap' took 0.343
[2017.05.02-20.27.58:779][  0]LogWindowsTextInputMethodSystem:Display: IME system now deactivated.
[2017.05.02-20.27.58:840][  0]LogCollectionManager: Loaded 0 collections in 0.000804 seconds
[2017.05.02-20.27.58:903][  0]LogFileCache: Scanning file cache for directory 'E:/Kristina Keenan Stuff/HCItake2/Saved/Collections/' took 0.01s
[2017.05.02-20.27.58:903][  0]LogFileCache: Scanning file cache for directory 'E:/Kristina Keenan Stuff/HCItake2/Content/Developers/innovationlab/Collections/' took 0.01s
[2017.05.02-20.27.58:903][  0]LogFileCache: Scanning file cache for directory 'E:/Kristina Keenan Stuff/HCItake2/Content/Collections/' took 0.01s
[2017.05.02-20.27.58:903][  0]LogCollectionManager: Rebuilt the GUID cache for 0 collections in 0.000002 seconds
[2017.05.02-20.27.58:911][  0]LogContentBrowser: Native class hierarchy populated in 0.0078 seconds. Added 2190 classes and 428 folders.
[2017.05.02-20.27.58:934][  0]LogStats: UGameplayTagsManager::ConstructGameplayTagTree: Construct from data asset -  0.000 s
[2017.05.02-20.27.58:934][  0]LogStats: UGameplayTagsManager::ConstructGameplayTagTree: GameplayTagTreeChangedEvent.Broadcast -  0.000 s
[2017.05.02-20.27.58:934][  0]LogContentBrowser: Native class hierarchy updated for 'GameplayTags' in 0.0004 seconds. Added 13 classes and 0 folders.
[2017.05.02-20.27.58:968][  0]LogContentBrowser: Native class hierarchy updated for 'WidgetCarousel' in 0.0004 seconds. Added 0 classes and 0 folders.
[2017.05.02-20.27.58:997][  0]LogContentBrowser: Native class hierarchy updated for 'AddContentDialog' in 0.0004 seconds. Added 0 classes and 0 folders.
[2017.05.02-20.27.59:021][  0]LogContentBrowser: Native class hierarchy updated for 'SceneOutliner' in 0.0004 seconds. Added 1 classes and 2 folders.
[2017.05.02-20.27.59:050][  0]LogContentBrowser: Native class hierarchy updated for 'WorldBrowser' in 0.0004 seconds. Added 1 classes and 3 folders.
[2017.05.02-20.27.59:105][  0]LogCrashTracker: Crashtracker disabled due to settings.
[2017.05.02-20.27.59:110][  0]LogUObjectGlobals:Warning: Failed to find object 'Class None.'
[2017.05.02-20.27.59:158][  0]LogContentBrowser: Native class hierarchy updated for 'HierarchicalLODOutliner' in 0.0007 seconds. Added 1 classes and 2 folders.
[2017.05.02-20.27.59:159][  0]LogLoad: (Engine Initialization) Total time: 9.71 seconds
[2017.05.02-20.27.59:159][  0]LogLoad: (Engine Initialization) Total Blueprint compile time: 0.03 seconds
[2017.05.02-20.27.59:159][  0]LogExternalProfiler: Found external profiler: VSPerf
[2017.05.02-20.27.59:159][  0]LogExternalProfiler: Using external profiler: VSPerf
[2017.05.02-20.27.59:168][  0]LogOcInput: OculusInput pre-init called
[2017.05.02-20.27.59:188][  0]LogContentStreaming: Texture pool size now 1000 MB
[2017.05.02-20.27.59:357][  0]LogRenderer: Reallocating scene render targets to support 1020x644 NumSamples 1 (Frame:2).
[2017.05.02-20.27.59:378][  1]LogAssetRegistry: Asset discovery search completed in 5.4054 seconds
[2017.05.02-20.27.59:378][  1]LogCollectionManager: Rebuilt the object cache for 0 collections in 0.000001 seconds (found 0 objects)
[2017.05.02-20.27.59:378][  1]LogCollectionManager: Fixed up redirectors for 0 collections in 0.000014 seconds (updated 0 objects)
[2017.05.02-20.28.18:826][243]LogTexture:Display: Building textures: HQ_Lightmap0_1 (AutoDXT)
[2017.05.02-20.28.19:099][243]LogTexture:Display: Building textures: HQ_Lightmap0_2 (AutoDXT)
[2017.05.02-20.28.19:233][243]LogTexture:Display: Building textures: HQ_Lightmap0_3 (AutoDXT)
[2017.05.02-20.28.19:251][243]LogTexture:Display: Building textures: LQ_Lightmap_0_1 (DXT1)
[2017.05.02-20.28.19:393][243]LogTexture:Display: Building textures: LQ_Lightmap_0_2 (DXT1)
[2017.05.02-20.28.19:457][243]LogTexture:Display: Building textures: LQ_Lightmap_0_3 (DXT1)
[2017.05.02-20.28.19:663][243]LogAIModule: Creating AISystem for world MotionControllerMap
[2017.05.02-20.28.19:687][243]Cmd: MAP LOAD FILE="../../../../Kristina Keenan Stuff/HCItake2/Content/VirtualRealityBP/Maps/MotionControllerMap.umap" TEMPLATE=0 SHOWPROGRESS=1 FEATURELEVEL=3
[2017.05.02-20.28.19:687][243]LightingResults: New page: Lighting Build
[2017.05.02-20.28.19:688][243]LoadErrors: New page: Loading map: MotionControllerMap.umap
[2017.05.02-20.28.19:689][243]MapCheck: New page: Map Check
[2017.05.02-20.28.19:689][243]LightingResults: New page: Lighting Build
[2017.05.02-20.28.19:749][243]LogEditorServer: Finished looking for orphan Actors (0.000 secs)
[2017.05.02-20.28.19:767][243]Cmd: MAP CHECKDEP NOCLEARLOG
[2017.05.02-20.28.19:798][243]MapCheck: Info Map check complete: 0 Error(s), 0 Warning(s), took 30.957ms to complete.
[2017.05.02-20.28.19:799][243]LogFileHelpers: Loading map 'MotionControllerMap' took 0.112
[2017.05.02-20.28.41:905][890]LogTemp: Repeting last play command: VR Preview
[2017.05.02-20.28.41:915][890]LogBlueprintUserMessages: Early PlayInEditor Detection: Level '/Game/VirtualRealityBP/Maps/MotionControllerMap.MotionControllerMap:PersistentLevel' has LevelScriptBlueprint '/Game/VirtualRealityBP/Maps/MotionControllerMap.MotionControllerMap:PersistentLevel.MotionControllerMap' with GeneratedClass '/Game/VirtualRealityBP/Maps/MotionControllerMap.MotionControllerMap_C' with ClassGeneratedBy '/Game/VirtualRealityBP/Maps/MotionControllerMap.MotionControllerMap:PersistentLevel.MotionControllerMap'
[2017.05.02-20.28.41:915][890]LogPlayLevel: PlayLevel: No blueprints needed recompiling
[2017.05.02-20.28.41:916][890]PIE: New page: PIE session: MotionControllerMap (May 2, 2017, 12:28:41 PM)
[2017.05.02-20.28.41:916][890]LogPlayLevel: Creating play world package: /Game/VirtualRealityBP/Maps/UEDPIE_0_MotionControllerMap
[2017.05.02-20.28.41:921][890]LogPlayLevel: PIE: StaticDuplicateObject took: (0.005609s)
[2017.05.02-20.28.41:922][890]LogAIModule: Creating AISystem for world MotionControllerMap
[2017.05.02-20.28.41:922][890]LogPlayLevel: PIE: World Init took: (0.000532s)
[2017.05.02-20.28.41:922][890]LogPlayLevel: PIE: Created PIE world by copying editor world from /Game/VirtualRealityBP/Maps/MotionControllerMap.MotionControllerMap to /Game/VirtualRealityBP/Maps/UEDPIE_0_MotionControllerMap.MotionControllerMap (0.006331s)
[2017.05.02-20.28.41:941][890]LogInit: XAudio2 using 'HTC-VIVE-C (NVIDIA High Definition Audio)' : 2 channels at 48 kHz using 16 bits per sample (channel mask 0x3)
[2017.05.02-20.28.41:945][890]LogInit: FAudioDevice initialized.
[2017.05.02-20.28.42:036][890]LogUObjectGlobals:Warning: Failed to find object 'Class None.'
[2017.05.02-20.28.42:036][890]LogLoad: Game class is 'GameModeBase'
[2017.05.02-20.28.42:038][890]LogWorld: Bringing World /Game/VirtualRealityBP/Maps/UEDPIE_0_MotionControllerMap.MotionControllerMap up for play (max tick rate 0) at 2017.05.02-16.28.42
[2017.05.02-20.28.42:039][890]LogWorld: Bringing up level for play took: 0.001052
[2017.05.02-20.28.42:063][890]LogContentBrowser: Native class hierarchy updated for 'MovieSceneCapture' in 0.0004 seconds. Added 11 classes and 0 folders.
[2017.05.02-20.28.42:070][890]PIE: Info Play in editor start time for /Game/VirtualRealityBP/Maps/UEDPIE_0_MotionControllerMap 0.879
[2017.05.02-20.28.42:070][890]LogBlueprintUserMessages: Late PlayInEditor Detection: Level '/Game/VirtualRealityBP/Maps/MotionControllerMap.MotionControllerMap:PersistentLevel' has LevelScriptBlueprint '/Game/VirtualRealityBP/Maps/MotionControllerMap.MotionControllerMap:PersistentLevel.MotionControllerMap' with GeneratedClass '/Game/VirtualRealityBP/Maps/MotionControllerMap.MotionControllerMap_C' with ClassGeneratedBy '/Game/VirtualRealityBP/Maps/MotionControllerMap.MotionControllerMap:PersistentLevel.MotionControllerMap'
[2017.05.02-20.28.42:126][891]LogRenderer: Reallocating scene render targets to support 3024x1680 NumSamples 1 (Frame:4890).
[2017.05.02-20.33.18:834][662]LogBlueprintUserMessages: Early EndPlayMap Detection: Level '/Game/VirtualRealityBP/Maps/MotionControllerMap.MotionControllerMap:PersistentLevel' has LevelScriptBlueprint '/Game/VirtualRealityBP/Maps/MotionControllerMap.MotionControllerMap:PersistentLevel.MotionControllerMap' with GeneratedClass '/Game/VirtualRealityBP/Maps/MotionControllerMap.MotionControllerMap_C' with ClassGeneratedBy '/Game/VirtualRealityBP/Maps/MotionControllerMap.MotionControllerMap:PersistentLevel.MotionControllerMap'
